[0.577s] Invoking command in '/home/francesco/LIMO_prj/src/mio_primo_pkg': PYTHONPATH=/home/francesco/LIMO_prj/build/mio_primo_pkg/prefix_override:/usr/lib/python3/dist-packages/colcon_core/task/python/colcon_distutils_commands:/home/francesco/LIMO_prj/install/mio_primo_pkg/lib/python3.10/site-packages:${PYTHONPATH} /usr/bin/python3 -W ignore:setup.py install is deprecated -W ignore:easy_install command is deprecated setup.py egg_info --egg-base ../../build/mio_primo_pkg build --build-base /home/francesco/LIMO_prj/build/mio_primo_pkg/build install --record /home/francesco/LIMO_prj/build/mio_primo_pkg/install.log --single-version-externally-managed install_data
[0.806s] running egg_info
[0.806s] writing ../../build/mio_primo_pkg/mio_primo_pkg.egg-info/PKG-INFO
[0.807s] writing dependency_links to ../../build/mio_primo_pkg/mio_primo_pkg.egg-info/dependency_links.txt
[0.807s] writing entry points to ../../build/mio_primo_pkg/mio_primo_pkg.egg-info/entry_points.txt
[0.808s] writing requirements to ../../build/mio_primo_pkg/mio_primo_pkg.egg-info/requires.txt
[0.808s] writing top-level names to ../../build/mio_primo_pkg/mio_primo_pkg.egg-info/top_level.txt
[0.810s] reading manifest file '../../build/mio_primo_pkg/mio_primo_pkg.egg-info/SOURCES.txt'
[0.810s] writing manifest file '../../build/mio_primo_pkg/mio_primo_pkg.egg-info/SOURCES.txt'
[0.811s] running build
[0.811s] running build_py
[0.811s] copying mio_primo_pkg/simulatore.py -> /home/francesco/LIMO_prj/build/mio_primo_pkg/build/lib/mio_primo_pkg
[0.811s] running install
[0.811s] running install_lib
[0.812s] copying /home/francesco/LIMO_prj/build/mio_primo_pkg/build/lib/mio_primo_pkg/simulatore.py -> /home/francesco/LIMO_prj/install/mio_primo_pkg/lib/python3.10/site-packages/mio_primo_pkg
[0.813s] byte-compiling /home/francesco/LIMO_prj/install/mio_primo_pkg/lib/python3.10/site-packages/mio_primo_pkg/simulatore.py to simulatore.cpython-310.pyc
[0.813s] running install_data
[0.813s] running install_egg_info
[0.813s]   File "/home/francesco/LIMO_prj/install/mio_primo_pkg/lib/python3.10/site-packages/mio_primo_pkg/simulatore.py", line 7
[0.813s]     from .kalman_filter import * import pyfiglet
[0.813s]                                  ^^^^^^
[0.813s] SyntaxError: invalid syntax
[0.813s] 
[0.815s] removing '/home/francesco/LIMO_prj/install/mio_primo_pkg/lib/python3.10/site-packages/mio_primo_pkg-0.0.0-py3.10.egg-info' (and everything under it)
[0.815s] Copying ../../build/mio_primo_pkg/mio_primo_pkg.egg-info to /home/francesco/LIMO_prj/install/mio_primo_pkg/lib/python3.10/site-packages/mio_primo_pkg-0.0.0-py3.10.egg-info
[0.816s] running install_scripts
[0.834s] Installing avvia_simulazione script to /home/francesco/LIMO_prj/install/mio_primo_pkg/lib/mio_primo_pkg
[0.834s] Installing esegui_prova script to /home/francesco/LIMO_prj/install/mio_primo_pkg/lib/mio_primo_pkg
[0.834s] writing list of installed files to '/home/francesco/LIMO_prj/build/mio_primo_pkg/install.log'
[0.856s] Invoked command in '/home/francesco/LIMO_prj/src/mio_primo_pkg' returned '0': PYTHONPATH=/home/francesco/LIMO_prj/build/mio_primo_pkg/prefix_override:/usr/lib/python3/dist-packages/colcon_core/task/python/colcon_distutils_commands:/home/francesco/LIMO_prj/install/mio_primo_pkg/lib/python3.10/site-packages:${PYTHONPATH} /usr/bin/python3 -W ignore:setup.py install is deprecated -W ignore:easy_install command is deprecated setup.py egg_info --egg-base ../../build/mio_primo_pkg build --build-base /home/francesco/LIMO_prj/build/mio_primo_pkg/build install --record /home/francesco/LIMO_prj/build/mio_primo_pkg/install.log --single-version-externally-managed install_data
