[0.588s] Invoking command in '/home/francesco/LIMO_prj/src/mio_primo_pkg': PYTHONPATH=/home/francesco/LIMO_prj/build/mio_primo_pkg/prefix_override:/usr/lib/python3/dist-packages/colcon_core/task/python/colcon_distutils_commands:/home/francesco/LIMO_prj/install/mio_primo_pkg/lib/python3.10/site-packages:${PYTHONPATH} /usr/bin/python3 -W ignore:setup.py install is deprecated -W ignore:easy_install command is deprecated setup.py egg_info --egg-base ../../build/mio_primo_pkg build --build-base /home/francesco/LIMO_prj/build/mio_primo_pkg/build install --record /home/francesco/LIMO_prj/build/mio_primo_pkg/install.log --single-version-externally-managed install_data
[0.816s] running egg_info
[0.817s] writing ../../build/mio_primo_pkg/mio_primo_pkg.egg-info/PKG-INFO
[0.817s] writing dependency_links to ../../build/mio_primo_pkg/mio_primo_pkg.egg-info/dependency_links.txt
[0.817s] writing entry points to ../../build/mio_primo_pkg/mio_primo_pkg.egg-info/entry_points.txt
[0.818s] writing requirements to ../../build/mio_primo_pkg/mio_primo_pkg.egg-info/requires.txt
[0.818s] writing top-level names to ../../build/mio_primo_pkg/mio_primo_pkg.egg-info/top_level.txt
[0.820s] reading manifest file '../../build/mio_primo_pkg/mio_primo_pkg.egg-info/SOURCES.txt'
[0.821s] writing manifest file '../../build/mio_primo_pkg/mio_primo_pkg.egg-info/SOURCES.txt'
[0.821s] running build
[0.821s] running build_py
[0.821s] copying mio_primo_pkg/simulatore.py -> /home/francesco/LIMO_prj/build/mio_primo_pkg/build/lib/mio_primo_pkg
[0.822s] running install
[0.822s] running install_lib
[0.822s] copying /home/francesco/LIMO_prj/build/mio_primo_pkg/build/lib/mio_primo_pkg/simulatore.py -> /home/francesco/LIMO_prj/install/mio_primo_pkg/lib/python3.10/site-packages/mio_primo_pkg
[0.823s] byte-compiling /home/francesco/LIMO_prj/install/mio_primo_pkg/lib/python3.10/site-packages/mio_primo_pkg/simulatore.py to simulatore.cpython-310.pyc
[0.823s]   File "/home/francesco/LIMO_prj/install/mio_primo_pkg/lib/python3.10/site-packages/mio_primo_pkg/simulatore.py", line 4
[0.824s]     from matplotlib.animation 
[0.824s]                               ^
[0.824s] SyntaxError: invalid syntax
[0.824s] 
[0.824s] running install_data
[0.824s] running install_egg_info
[0.826s] removing '/home/francesco/LIMO_prj/install/mio_primo_pkg/lib/python3.10/site-packages/mio_primo_pkg-0.0.0-py3.10.egg-info' (and everything under it)
[0.826s] Copying ../../build/mio_primo_pkg/mio_primo_pkg.egg-info to /home/francesco/LIMO_prj/install/mio_primo_pkg/lib/python3.10/site-packages/mio_primo_pkg-0.0.0-py3.10.egg-info
[0.827s] running install_scripts
[0.846s] Installing avvia_simulazione script to /home/francesco/LIMO_prj/install/mio_primo_pkg/lib/mio_primo_pkg
[0.846s] Installing esegui_prova script to /home/francesco/LIMO_prj/install/mio_primo_pkg/lib/mio_primo_pkg
[0.846s] writing list of installed files to '/home/francesco/LIMO_prj/build/mio_primo_pkg/install.log'
[0.865s] Invoked command in '/home/francesco/LIMO_prj/src/mio_primo_pkg' returned '0': PYTHONPATH=/home/francesco/LIMO_prj/build/mio_primo_pkg/prefix_override:/usr/lib/python3/dist-packages/colcon_core/task/python/colcon_distutils_commands:/home/francesco/LIMO_prj/install/mio_primo_pkg/lib/python3.10/site-packages:${PYTHONPATH} /usr/bin/python3 -W ignore:setup.py install is deprecated -W ignore:easy_install command is deprecated setup.py egg_info --egg-base ../../build/mio_primo_pkg build --build-base /home/francesco/LIMO_prj/build/mio_primo_pkg/build install --record /home/francesco/LIMO_prj/build/mio_primo_pkg/install.log --single-version-externally-managed install_data
