[0.633s] Invoking command in '/home/francesco/LIMO_prj/src/mio_primo_pkg': PYTHONPATH=/home/francesco/LIMO_prj/build/mio_primo_pkg/prefix_override:/usr/lib/python3/dist-packages/colcon_core/task/python/colcon_distutils_commands:/home/francesco/LIMO_prj/install/mio_primo_pkg/lib/python3.10/site-packages:${PYTHONPATH} /usr/bin/python3 -W ignore:setup.py install is deprecated -W ignore:easy_install command is deprecated setup.py egg_info --egg-base ../../build/mio_primo_pkg build --build-base /home/francesco/LIMO_prj/build/mio_primo_pkg/build install --record /home/francesco/LIMO_prj/build/mio_primo_pkg/install.log --single-version-externally-managed install_data
[0.874s] running egg_info
[0.875s] writing ../../build/mio_primo_pkg/mio_primo_pkg.egg-info/PKG-INFO
[0.876s] writing dependency_links to ../../build/mio_primo_pkg/mio_primo_pkg.egg-info/dependency_links.txt
[0.876s] writing entry points to ../../build/mio_primo_pkg/mio_primo_pkg.egg-info/entry_points.txt
[0.877s] writing requirements to ../../build/mio_primo_pkg/mio_primo_pkg.egg-info/requires.txt
[0.877s] writing top-level names to ../../build/mio_primo_pkg/mio_primo_pkg.egg-info/top_level.txt
[0.879s] reading manifest file '../../build/mio_primo_pkg/mio_primo_pkg.egg-info/SOURCES.txt'
[0.880s] writing manifest file '../../build/mio_primo_pkg/mio_primo_pkg.egg-info/SOURCES.txt'
[0.880s] running build
[0.880s] running build_py
[0.880s] creating /home/francesco/LIMO_prj/build/mio_primo_pkg/build
[0.880s] creating /home/francesco/LIMO_prj/build/mio_primo_pkg/build/lib
[0.881s] creating /home/francesco/LIMO_prj/build/mio_primo_pkg/build/lib/mio_primo_pkg
[0.881s] copying mio_primo_pkg/__init__.py -> /home/francesco/LIMO_prj/build/mio_primo_pkg/build/lib/mio_primo_pkg
[0.881s] copying mio_primo_pkg/nodo_prova.py -> /home/francesco/LIMO_prj/build/mio_primo_pkg/build/lib/mio_primo_pkg
[0.881s] running install
[0.882s] running install_lib
[0.882s] creating /home/francesco/LIMO_prj/install/mio_primo_pkg/lib/python3.10/site-packages/mio_primo_pkg
[0.883s] copying /home/francesco/LIMO_prj/build/mio_primo_pkg/build/lib/mio_primo_pkg/__init__.py -> /home/francesco/LIMO_prj/install/mio_primo_pkg/lib/python3.10/site-packages/mio_primo_pkg
[0.883s] copying /home/francesco/LIMO_prj/build/mio_primo_pkg/build/lib/mio_primo_pkg/nodo_prova.py -> /home/francesco/LIMO_prj/install/mio_primo_pkg/lib/python3.10/site-packages/mio_primo_pkg
[0.883s] byte-compiling /home/francesco/LIMO_prj/install/mio_primo_pkg/lib/python3.10/site-packages/mio_primo_pkg/__init__.py to __init__.cpython-310.pyc
[0.883s] byte-compiling /home/francesco/LIMO_prj/install/mio_primo_pkg/lib/python3.10/site-packages/mio_primo_pkg/nodo_prova.py to nodo_prova.cpython-310.pyc
[0.884s]   File "/home/francesco/LIMO_prj/install/mio_primo_pkg/lib/python3.10/site-packages/mio_primo_pkg/nodo_prova.py", line 6
[0.884s]     6 super () . __init__ ( ’ nome_del_nodo ’)
[0.884s]                             ^
[0.884s] SyntaxError: invalid character '’' (U+2019)
[0.884s] 
[0.884s] running install_data
[0.884s] running install_egg_info
[0.886s] removing '/home/francesco/LIMO_prj/install/mio_primo_pkg/lib/python3.10/site-packages/mio_primo_pkg-0.0.0-py3.10.egg-info' (and everything under it)
[0.886s] Copying ../../build/mio_primo_pkg/mio_primo_pkg.egg-info to /home/francesco/LIMO_prj/install/mio_primo_pkg/lib/python3.10/site-packages/mio_primo_pkg-0.0.0-py3.10.egg-info
[0.887s] running install_scripts
[0.909s] Installing esegui_prova script to /home/francesco/LIMO_prj/install/mio_primo_pkg/lib/mio_primo_pkg
[0.909s] writing list of installed files to '/home/francesco/LIMO_prj/build/mio_primo_pkg/install.log'
[0.931s] Invoked command in '/home/francesco/LIMO_prj/src/mio_primo_pkg' returned '0': PYTHONPATH=/home/francesco/LIMO_prj/build/mio_primo_pkg/prefix_override:/usr/lib/python3/dist-packages/colcon_core/task/python/colcon_distutils_commands:/home/francesco/LIMO_prj/install/mio_primo_pkg/lib/python3.10/site-packages:${PYTHONPATH} /usr/bin/python3 -W ignore:setup.py install is deprecated -W ignore:easy_install command is deprecated setup.py egg_info --egg-base ../../build/mio_primo_pkg build --build-base /home/francesco/LIMO_prj/build/mio_primo_pkg/build install --record /home/francesco/LIMO_prj/build/mio_primo_pkg/install.log --single-version-externally-managed install_data
