running egg_info
writing ../../build/mio_primo_pkg/mio_primo_pkg.egg-info/PKG-INFO
writing dependency_links to ../../build/mio_primo_pkg/mio_primo_pkg.egg-info/dependency_links.txt
writing entry points to ../../build/mio_primo_pkg/mio_primo_pkg.egg-info/entry_points.txt
writing requirements to ../../build/mio_primo_pkg/mio_primo_pkg.egg-info/requires.txt
writing top-level names to ../../build/mio_primo_pkg/mio_primo_pkg.egg-info/top_level.txt
reading manifest file '../../build/mio_primo_pkg/mio_primo_pkg.egg-info/SOURCES.txt'
writing manifest file '../../build/mio_primo_pkg/mio_primo_pkg.egg-info/SOURCES.txt'
running build
running build_py
running install
running install_lib
running install_data
running install_egg_info
removing '/home/francesco/LIMO_prj/install/mio_primo_pkg/lib/python3.10/site-packages/mio_primo_pkg-0.0.0-py3.10.egg-info' (and everything under it)
Copying ../../build/mio_primo_pkg/mio_primo_pkg.egg-info to /home/francesco/LIMO_prj/install/mio_primo_pkg/lib/python3.10/site-packages/mio_primo_pkg-0.0.0-py3.10.egg-info
running install_scripts
Installing avvia_simulazione script to /home/francesco/LIMO_prj/install/mio_primo_pkg/lib/mio_primo_pkg
Installing esegui_prova script to /home/francesco/LIMO_prj/install/mio_primo_pkg/lib/mio_primo_pkg
writing list of installed files to '/home/francesco/LIMO_prj/build/mio_primo_pkg/install.log'
