running egg_info
creating ../../build/mio_primo_pkg/mio_primo_pkg.egg-info
writing ../../build/mio_primo_pkg/mio_primo_pkg.egg-info/PKG-INFO
writing dependency_links to ../../build/mio_primo_pkg/mio_primo_pkg.egg-info/dependency_links.txt
writing entry points to ../../build/mio_primo_pkg/mio_primo_pkg.egg-info/entry_points.txt
writing requirements to ../../build/mio_primo_pkg/mio_primo_pkg.egg-info/requires.txt
writing top-level names to ../../build/mio_primo_pkg/mio_primo_pkg.egg-info/top_level.txt
writing manifest file '../../build/mio_primo_pkg/mio_primo_pkg.egg-info/SOURCES.txt'
reading manifest file '../../build/mio_primo_pkg/mio_primo_pkg.egg-info/SOURCES.txt'
writing manifest file '../../build/mio_primo_pkg/mio_primo_pkg.egg-info/SOURCES.txt'
running build
running install
running install_data
creating /home/francesco/LIMO_prj/install/mio_primo_pkg/share/ament_index
creating /home/francesco/LIMO_prj/install/mio_primo_pkg/share/ament_index/resource_index
creating /home/francesco/LIMO_prj/install/mio_primo_pkg/share/ament_index/resource_index/packages
copying resource/mio_primo_pkg -> /home/francesco/LIMO_prj/install/mio_primo_pkg/share/ament_index/resource_index/packages
copying package.xml -> /home/francesco/LIMO_prj/install/mio_primo_pkg/share/mio_primo_pkg
running install_egg_info
Copying ../../build/mio_primo_pkg/mio_primo_pkg.egg-info to /home/francesco/LIMO_prj/install/mio_primo_pkg/lib/python3.10/site-packages/mio_primo_pkg-0.0.0-py3.10.egg-info
running install_scripts
Installing esegui_prova script to /home/francesco/LIMO_prj/install/mio_primo_pkg/lib/mio_primo_pkg
writing list of installed files to '/home/francesco/LIMO_prj/build/mio_primo_pkg/install.log'
