[0.799s] Invoking command in '/home/francesco/LIMO_prj/src/mio_primo_pkg': PYTHONPATH=/home/francesco/LIMO_prj/build/mio_primo_pkg/prefix_override:/usr/lib/python3/dist-packages/colcon_core/task/python/colcon_distutils_commands:/home/francesco/LIMO_prj/install/mio_primo_pkg/lib/python3.10/site-packages:${PYTHONPATH} /usr/bin/python3 -W ignore:setup.py install is deprecated -W ignore:easy_install command is deprecated setup.py egg_info --egg-base ../../build/mio_primo_pkg build --build-base /home/francesco/LIMO_prj/build/mio_primo_pkg/build install --record /home/francesco/LIMO_prj/build/mio_primo_pkg/install.log --single-version-externally-managed install_data
[1.063s] running egg_info
[1.063s] creating ../../build/mio_primo_pkg/mio_primo_pkg.egg-info
[1.064s] writing ../../build/mio_primo_pkg/mio_primo_pkg.egg-info/PKG-INFO
[1.064s] writing dependency_links to ../../build/mio_primo_pkg/mio_primo_pkg.egg-info/dependency_links.txt
[1.065s] writing entry points to ../../build/mio_primo_pkg/mio_primo_pkg.egg-info/entry_points.txt
[1.065s] writing requirements to ../../build/mio_primo_pkg/mio_primo_pkg.egg-info/requires.txt
[1.065s] writing top-level names to ../../build/mio_primo_pkg/mio_primo_pkg.egg-info/top_level.txt
[1.066s] writing manifest file '../../build/mio_primo_pkg/mio_primo_pkg.egg-info/SOURCES.txt'
[1.067s] reading manifest file '../../build/mio_primo_pkg/mio_primo_pkg.egg-info/SOURCES.txt'
[1.068s] writing manifest file '../../build/mio_primo_pkg/mio_primo_pkg.egg-info/SOURCES.txt'
[1.068s] running build
[1.068s] running install
[1.068s] running install_data
[1.069s] creating /home/francesco/LIMO_prj/install/mio_primo_pkg/share/ament_index
[1.069s] creating /home/francesco/LIMO_prj/install/mio_primo_pkg/share/ament_index/resource_index
[1.069s] creating /home/francesco/LIMO_prj/install/mio_primo_pkg/share/ament_index/resource_index/packages
[1.069s] copying resource/mio_primo_pkg -> /home/francesco/LIMO_prj/install/mio_primo_pkg/share/ament_index/resource_index/packages
[1.070s] copying package.xml -> /home/francesco/LIMO_prj/install/mio_primo_pkg/share/mio_primo_pkg
[1.070s] running install_egg_info
[1.074s] Copying ../../build/mio_primo_pkg/mio_primo_pkg.egg-info to /home/francesco/LIMO_prj/install/mio_primo_pkg/lib/python3.10/site-packages/mio_primo_pkg-0.0.0-py3.10.egg-info
[1.074s] running install_scripts
[1.096s] Installing esegui_prova script to /home/francesco/LIMO_prj/install/mio_primo_pkg/lib/mio_primo_pkg
[1.097s] writing list of installed files to '/home/francesco/LIMO_prj/build/mio_primo_pkg/install.log'
[1.118s] Invoked command in '/home/francesco/LIMO_prj/src/mio_primo_pkg' returned '0': PYTHONPATH=/home/francesco/LIMO_prj/build/mio_primo_pkg/prefix_override:/usr/lib/python3/dist-packages/colcon_core/task/python/colcon_distutils_commands:/home/francesco/LIMO_prj/install/mio_primo_pkg/lib/python3.10/site-packages:${PYTHONPATH} /usr/bin/python3 -W ignore:setup.py install is deprecated -W ignore:easy_install command is deprecated setup.py egg_info --egg-base ../../build/mio_primo_pkg build --build-base /home/francesco/LIMO_prj/build/mio_primo_pkg/build install --record /home/francesco/LIMO_prj/build/mio_primo_pkg/install.log --single-version-externally-managed install_data
